i = 1 x = 0.125 f(x) = 0.0077822185373186414 g(x) = 0.0077822185373187065
i = 2 x = 0.015625 f(x) = 0.00012206286282867573 g(x) = 0.00012206286282875901
i = 3 x = 0.001953125 f(x) = 1.9073468138230965e-6 g(x) = 1.907346813826566e-6
i = 4 x = 0.000244140625 f(x) = 2.9802321943606103e-8 g(x) = 2.9802321943606116e-8
i = 5 x = 3.0517578125e-5 f(x) = 4.656612873077393e-10 g(x) = 4.6566128719931904e-10
i = 6 x = 3.814697265625e-6 f(x) = 7.275957614183426e-12 g(x) = 7.275957614156956e-12
i = 7 x = 4.76837158203125e-7 f(x) = 1.1368683772161603e-13 g(x) = 1.1368683772160957e-13
i = 8 x = 5.960464477539063e-8 f(x) = 1.7763568394002505e-15 g(x) = 1.7763568394002489e-15
i = 9 x = 7.450580596923828e-9 f(x) = 0.0 g(x) = 2.7755575615628914e-17
i = 10 x = 9.313225746154785e-10 f(x) = 0.0 g(x) = 4.336808689942018e-19
i = 11 x = 1.1641532182693481e-10 f(x) = 0.0 g(x) = 6.776263578034403e-21
i = 12 x = 1.4551915228366852e-11 f(x) = 0.0 g(x) = 1.0587911840678754e-22
i = 13 x = 1.8189894035458565e-12 f(x) = 0.0 g(x) = 1.6543612251060553e-24
i = 14 x = 2.2737367544323206e-13 f(x) = 0.0 g(x) = 2.5849394142282115e-26
i = 15 x = 2.842170943040401e-14 f(x) = 0.0 g(x) = 4.0389678347315804e-28
i = 16 x = 3.552713678800501e-15 f(x) = 0.0 g(x) = 6.310887241768095e-30
i = 17 x = 4.440892098500626e-16 f(x) = 0.0 g(x) = 9.860761315262648e-32
i = 18 x = 5.551115123125783e-17 f(x) = 0.0 g(x) = 1.5407439555097887e-33
i = 19 x = 6.938893903907228e-18 f(x) = 0.0 g(x) = 2.407412430484045e-35
i = 20 x = 8.673617379884035e-19 f(x) = 0.0 g(x) = 3.76158192263132e-37
i = 21 x = 1.0842021724855044e-19 f(x) = 0.0 g(x) = 5.877471754111438e-39
i = 22 x = 1.3552527156068805e-20 f(x) = 0.0 g(x) = 9.183549615799121e-41
i = 23 x = 1.6940658945086007e-21 f(x) = 0.0 g(x) = 1.4349296274686127e-42
i = 24 x = 2.117582368135751e-22 f(x) = 0.0 g(x) = 2.2420775429197073e-44
i = 25 x = 2.6469779601696886e-23 f(x) = 0.0 g(x) = 3.503246160812043e-46
i = 26 x = 3.308722450212111e-24 f(x) = 0.0 g(x) = 5.473822126268817e-48
i = 27 x = 4.1359030627651384e-25 f(x) = 0.0 g(x) = 8.552847072295026e-50
i = 28 x = 5.169878828456423e-26 f(x) = 0.0 g(x) = 1.3363823550460978e-51
i = 29 x = 6.462348535570529e-27 f(x) = 0.0 g(x) = 2.088097429759528e-53
i = 30 x = 8.077935669463161e-28 f(x) = 0.0 g(x) = 3.2626522339992623e-55
i = 31 x = 1.0097419586828951e-28 f(x) = 0.0 g(x) = 5.0978941156238473e-57
i = 32 x = 1.262177448353619e-29 f(x) = 0.0 g(x) = 7.965459555662261e-59
i = 33 x = 1.5777218104420236e-30 f(x) = 0.0 g(x) = 1.2446030555722283e-60
i = 34 x = 1.9721522630525295e-31 f(x) = 0.0 g(x) = 1.9446922743316068e-62
i = 35 x = 2.465190328815662e-32 f(x) = 0.0 g(x) = 3.0385816786431356e-64
i = 36 x = 3.0814879110195774e-33 f(x) = 0.0 g(x) = 4.7477838728798994e-66
i = 37 x = 3.851859888774472e-34 f(x) = 0.0 g(x) = 7.418412301374843e-68
i = 38 x = 4.81482486096809e-35 f(x) = 0.0 g(x) = 1.1591269220898192e-69
i = 39 x = 6.018531076210112e-36 f(x) = 0.0 g(x) = 1.8111358157653425e-71
i = 40 x = 7.52316384526264e-37 f(x) = 0.0 g(x) = 2.8298997121333476e-73
i = 41 x = 9.4039548065783e-38 f(x) = 0.0 g(x) = 4.421718300208356e-75
i = 42 x = 1.1754943508222875e-38 f(x) = 0.0 g(x) = 6.908934844075556e-77
i = 43 x = 1.4693679385278594e-39 f(x) = 0.0 g(x) = 1.0795210693868056e-78
i = 44 x = 1.8367099231598242e-40 f(x) = 0.0 g(x) = 1.6867516709168837e-80
i = 45 x = 2.2958874039497803e-41 f(x) = 0.0 g(x) = 2.635549485807631e-82
i = 46 x = 2.8698592549372254e-42 f(x) = 0.0 g(x) = 4.118046071574423e-84
i = 47 x = 3.587324068671532e-43 f(x) = 0.0 g(x) = 6.434446986835036e-86
i = 48 x = 4.484155085839415e-44 f(x) = 0.0 g(x) = 1.0053823416929744e-87
i = 49 x = 5.605193857299268e-45 f(x) = 0.0 g(x) = 1.5709099088952725e-89
i = 50 x = 7.006492321624085e-46 f(x) = 0.0 g(x) = 2.4545467326488633e-91
i = 51 x = 8.758115402030107e-47 f(x) = 0.0 g(x) = 3.835229269763849e-93
i = 52 x = 1.0947644252537633e-47 f(x) = 0.0 g(x) = 5.992545734006014e-95
i = 53 x = 1.3684555315672042e-48 f(x) = 0.0 g(x) = 9.363352709384397e-97
i = 54 x = 1.7105694144590052e-49 f(x) = 0.0 g(x) = 1.463023860841312e-98
i = 55 x = 2.1382117680737565e-50 f(x) = 0.0 g(x) = 2.28597478256455e-100
i = 56 x = 2.6727647100921956e-51 f(x) = 0.0 g(x) = 3.5718355977571093e-102
i = 57 x = 3.3409558876152446e-52 f(x) = 0.0 g(x) = 5.5809931214954833e-104
i = 58 x = 4.176194859519056e-53 f(x) = 0.0 g(x) = 8.720301752336693e-106
i = 59 x = 5.22024357439882e-54 f(x) = 0.0 g(x) = 1.3625471488026082e-107
i = 60 x = 6.525304467998525e-55 f(x) = 0.0 g(x) = 2.1289799200040754e-109
i = 61 x = 8.156630584998156e-56 f(x) = 0.0 g(x) = 3.326531125006368e-111
i = 62 x = 1.0195788231247695e-56 f(x) = 0.0 g(x) = 5.19770488282245e-113
i = 63 x = 1.2744735289059618e-57 f(x) = 0.0 g(x) = 8.121413879410078e-115
i = 64 x = 1.5930919111324523e-58 f(x) = 0.0 g(x) = 1.2689709186578246e-116
i = 65 x = 1.9913648889155653e-59 f(x) = 0.0 g(x) = 1.982767060402851e-118
i = 66 x = 2.4892061111444567e-60 f(x) = 0.0 g(x) = 3.0980735318794546e-120
i = 67 x = 3.111507638930571e-61 f(x) = 0.0 g(x) = 4.840739893561648e-122
i = 68 x = 3.8893845486632136e-62 f(x) = 0.0 g(x) = 7.563656083690075e-124
i = 69 x = 4.861730685829017e-63 f(x) = 0.0 g(x) = 1.1818212630765742e-125
i = 70 x = 6.077163357286271e-64 f(x) = 0.0 g(x) = 1.8465957235571472e-127
i = 71 x = 7.596454196607839e-65 f(x) = 0.0 g(x) = 2.8853058180580424e-129
i = 72 x = 9.495567745759799e-66 f(x) = 0.0 g(x) = 4.5082903407156913e-131
i = 73 x = 1.1869459682199748e-66 f(x) = 0.0 g(x) = 7.044203657368268e-133
i = 74 x = 1.4836824602749686e-67 f(x) = 0.0 g(x) = 1.1006568214637918e-134
i = 75 x = 1.8546030753437107e-68 f(x) = 0.0 g(x) = 1.7197762835371747e-136
i = 76 x = 2.3182538441796384e-69 f(x) = 0.0 g(x) = 2.6871504430268355e-138
i = 77 x = 2.897817305224548e-70 f(x) = 0.0 g(x) = 4.1986725672294305e-140
i = 78 x = 3.622271631530685e-71 f(x) = 0.0 g(x) = 6.560425886295985e-142
i = 79 x = 4.527839539413356e-72 f(x) = 0.0 g(x) = 1.0250665447337477e-143
i = 80 x = 5.659799424266695e-73 f(x) = 0.0 g(x) = 1.6016664761464807e-145
i = 81 x = 7.074749280333369e-74 f(x) = 0.0 g(x) = 2.5026038689788762e-147
i = 82 x = 8.843436600416711e-75 f(x) = 0.0 g(x) = 3.910318545279494e-149
i = 83 x = 1.105429575052089e-75 f(x) = 0.0 g(x) = 6.10987272699921e-151
i = 84 x = 1.3817869688151111e-76 f(x) = 0.0 g(x) = 9.546676135936265e-153
i = 85 x = 1.727233711018889e-77 f(x) = 0.0 g(x) = 1.4916681462400413e-154
i = 86 x = 2.1590421387736112e-78 f(x) = 0.0 g(x) = 2.3307314785000646e-156
i = 87 x = 2.698802673467014e-79 f(x) = 0.0 g(x) = 3.641767935156351e-158
i = 88 x = 3.3735033418337674e-80 f(x) = 0.0 g(x) = 5.6902623986817984e-160
i = 89 x = 4.2168791772922093e-81 f(x) = 0.0 g(x) = 8.89103499794031e-162
i = 90 x = 5.271098971615262e-82 f(x) = 0.0 g(x) = 1.3892242184281734e-163
i = 91 x = 6.588873714519077e-83 f(x) = 0.0 g(x) = 2.170662841294021e-165
i = 92 x = 8.236092143148846e-84 f(x) = 0.0 g(x) = 3.391660689521908e-167
i = 93 x = 1.0295115178936058e-84 f(x) = 0.0 g(x) = 5.299469827377981e-169
i = 94 x = 1.2868893973670072e-85 f(x) = 0.0 g(x) = 8.280421605278095e-171
i = 95 x = 1.608611746708759e-86 f(x) = 0.0 g(x) = 1.2938158758247024e-172
i = 96 x = 2.010764683385949e-87 f(x) = 0.0 g(x) = 2.0215873059760975e-174
i = 97 x = 2.513455854232436e-88 f(x) = 0.0 g(x) = 3.1587301655876523e-176
i = 98 x = 3.141819817790545e-89 f(x) = 0.0 g(x) = 4.935515883730707e-178
i = 99 x = 3.9272747722381812e-90 f(x) = 0.0 g(x) = 7.71174356832923e-180
i = 100 x = 4.909093465297727e-91 f(x) = 0.0 g(x) = 1.204959932551442e-181
i = 101 x = 6.136366831622158e-92 f(x) = 0.0 g(x) = 1.8827498946116282e-183
i = 102 x = 7.670458539527698e-93 f(x) = 0.0 g(x) = 2.941796710330669e-185
i = 103 x = 9.588073174409622e-94 f(x) = 0.0 g(x) = 4.5965573598916705e-187
i = 104 x = 1.1985091468012028e-94 f(x) = 0.0 g(x) = 7.182120874830735e-189
i = 105 x = 1.4981364335015035e-95 f(x) = 0.0 g(x) = 1.1222063866923024e-190
i = 106 x = 1.8726705418768793e-96 f(x) = 0.0 g(x) = 1.7534474792067224e-192
i = 107 x = 2.3408381773460992e-97 f(x) = 0.0 g(x) = 2.739761686260504e-194
i = 108 x = 2.926047721682624e-98 f(x) = 0.0 g(x) = 4.280877634782037e-196
i = 109 x = 3.65755965210328e-99 f(x) = 0.0 g(x) = 6.688871304346933e-198
i = 110 x = 4.5719495651291e-100 f(x) = 0.0 g(x) = 1.0451361413042083e-199
i = 111 x = 5.714936956411375e-101 f(x) = 0.0 g(x) = 1.6330252207878255e-201
i = 112 x = 7.143671195514219e-102 f(x) = 0.0 g(x) = 2.5516019074809773e-203
i = 113 x = 8.929588994392773e-103 f(x) = 0.0 g(x) = 3.986877980439027e-205
i = 114 x = 1.1161986242990967e-103 f(x) = 0.0 g(x) = 6.22949684443598e-207
i = 115 x = 1.3952482803738708e-104 f(x) = 0.0 g(x) = 9.733588819431218e-209
i = 116 x = 1.7440603504673385e-105 f(x) = 0.0 g(x) = 1.520873253036128e-210
i = 117 x = 2.1800754380841732e-106 f(x) = 0.0 g(x) = 2.37636445786895e-212
i = 118 x = 2.7250942976052165e-107 f(x) = 0.0 g(x) = 3.713069465420234e-214
i = 119 x = 3.4063678720065206e-108 f(x) = 0.0 g(x) = 5.801671039719116e-216
i = 120 x = 4.257959840008151e-109 f(x) = 0.0 g(x) = 9.065110999561118e-218
i = 121 x = 5.3224498000101884e-110 f(x) = 0.0 g(x) = 1.4164235936814247e-219
i = 122 x = 6.653062250012736e-111 f(x) = 0.0 g(x) = 2.2131618651272261e-221
i = 123 x = 8.31632781251592e-112 f(x) = 0.0 g(x) = 3.458065414261291e-223
i = 124 x = 1.03954097656449e-112 f(x) = 0.0 g(x) = 5.403227209783267e-225
i = 125 x = 1.2994262207056124e-113 f(x) = 0.0 g(x) = 8.442542515286355e-227
i = 126 x = 1.6242827758820155e-114 f(x) = 0.0 g(x) = 1.319147268013493e-228
i = 127 x = 2.0303534698525194e-115 f(x) = 0.0 g(x) = 2.0611676062710827e-230
i = 128 x = 2.5379418373156492e-116 f(x) = 0.0 g(x) = 3.220574384798567e-232
i = 129 x = 3.1724272966445615e-117 f(x) = 0.0 g(x) = 5.0321474762477604e-234
i = 130 x = 3.965534120805702e-118 f(x) = 0.0 g(x) = 7.862730431637126e-236
i = 131 x = 4.9569176510071274e-119 f(x) = 0.0 g(x) = 1.228551629943301e-237
i = 132 x = 6.196147063758909e-120 f(x) = 0.0 g(x) = 1.9196119217864076e-239
i = 133 x = 7.745183829698637e-121 f(x) = 0.0 g(x) = 2.999393627791262e-241
i = 134 x = 9.681479787123296e-122 f(x) = 0.0 g(x) = 4.686552543423847e-243
i = 135 x = 1.210184973390412e-122 f(x) = 0.0 g(x) = 7.322738349099761e-245
i = 136 x = 1.512731216738015e-123 f(x) = 0.0 g(x) = 1.1441778670468376e-246
i = 137 x = 1.8909140209225187e-124 f(x) = 0.0 g(x) = 1.7877779172606837e-248
i = 138 x = 2.3636425261531484e-125 f(x) = 0.0 g(x) = 2.7934029957198183e-250
i = 139 x = 2.9545531576914354e-126 f(x) = 0.0 g(x) = 4.364692180812216e-252
i = 140 x = 3.6931914471142943e-127 f(x) = 0.0 g(x) = 6.819831532519088e-254
i = 141 x = 4.616489308892868e-128 f(x) = 0.0 g(x) = 1.0655986769561075e-255
i = 142 x = 5.770611636116085e-129 f(x) = 0.0 g(x) = 1.664997932743918e-257
i = 143 x = 7.213264545145106e-130 f(x) = 0.0 g(x) = 2.6015592699123717e-259
i = 144 x = 9.016580681431383e-131 f(x) = 0.0 g(x) = 4.064936359238081e-261
i = 145 x = 1.1270725851789228e-131 f(x) = 0.0 g(x) = 6.351463061309501e-263
i = 146 x = 1.4088407314736535e-132 f(x) = 0.0 g(x) = 9.924161033296096e-265
i = 147 x = 1.761050914342067e-133 f(x) = 0.0 g(x) = 1.550650161452515e-266
i = 148 x = 2.2013136429275836e-134 f(x) = 0.0 g(x) = 2.4228908772695546e-268
i = 149 x = 2.7516420536594796e-135 f(x) = 0.0 g(x) = 3.785766995733679e-270
i = 150 x = 3.4395525670743494e-136 f(x) = 0.0 g(x) = 5.915260930833874e-272
i = 151 x = 4.299440708842937e-137 f(x) = 0.0 g(x) = 9.242595204427927e-274
i = 152 x = 5.374300886053671e-138 f(x) = 0.0 g(x) = 1.4441555006918637e-275
i = 153 x = 6.717876107567089e-139 f(x) = 0.0 g(x) = 2.256492969831037e-277
i = 154 x = 8.397345134458861e-140 f(x) = 0.0 g(x) = 3.5257702653609953e-279
i = 155 x = 1.0496681418073576e-140 f(x) = 0.0 g(x) = 5.509016039626555e-281
i = 156 x = 1.312085177259197e-141 f(x) = 0.0 g(x) = 8.607837561916492e-283
i = 157 x = 1.6401064715739963e-142 f(x) = 0.0 g(x) = 1.344974619049452e-284
i = 158 x = 2.0501330894674953e-143 f(x) = 0.0 g(x) = 2.1015228422647686e-286
i = 159 x = 2.5626663618343692e-144 f(x) = 0.0 g(x) = 3.283629441038701e-288
i = 160 x = 3.2033329522929615e-145 f(x) = 0.0 g(x) = 5.1306710016229703e-290
i = 161 x = 4.004166190366202e-146 f(x) = 0.0 g(x) = 8.016673440035891e-292
i = 162 x = 5.0052077379577523e-147 f(x) = 0.0 g(x) = 1.252605225005608e-293
i = 163 x = 6.256509672447191e-148 f(x) = 0.0 g(x) = 1.9571956640712625e-295
i = 164 x = 7.820637090558988e-149 f(x) = 0.0 g(x) = 3.0581182251113476e-297
i = 165 x = 9.775796363198735e-150 f(x) = 0.0 g(x) = 4.778309726736481e-299
i = 166 x = 1.221974545399842e-150 f(x) = 0.0 g(x) = 7.466108948025751e-301
i = 167 x = 1.5274681817498023e-151 f(x) = 0.0 g(x) = 1.1665795231290236e-302
i = 168 x = 1.909335227187253e-152 f(x) = 0.0 g(x) = 1.8227805048890994e-304
i = 169 x = 2.3866690339840662e-153 f(x) = 0.0 g(x) = 2.848094538889218e-306
i = 170 x = 2.983336292480083e-154 f(x) = 0.0 g(x) = 4.450147717014403e-308
i = 171 x = 3.7291703656001034e-155 f(x) = 0.0 g(x) = 6.953355807835e-310
i = 172 x = 4.661462957000129e-156 f(x) = 0.0 g(x) = 1.086461844974e-311
i = 173 x = 5.826828696250162e-157 f(x) = 0.0 g(x) = 1.69759663277e-313
i = 174 x = 7.283535870312702e-158 f(x) = 0.0 g(x) = 2.65249474e-315
i = 175 x = 9.104419837890877e-159 f(x) = 0.0 g(x) = 4.144523e-317
i = 176 x = 1.1380524797363597e-159 f(x) = 0.0 g(x) = 6.4758e-319
i = 177 x = 1.4225655996704496e-160 f(x) = 0.0 g(x) = 1.012e-320
i = 178 x = 1.778206999588062e-161 f(x) = 0.0 g(x) = 1.6e-322
i = 179 x = 2.2227587494850775e-162 f(x) = 0.0 g(x) = 0.0
i = 180 x = 2.778448436856347e-163 f(x) = 0.0 g(x) = 0.0
i = 181 x = 3.4730605460704336e-164 f(x) = 0.0 g(x) = 0.0
i = 182 x = 4.341325682588042e-165 f(x) = 0.0 g(x) = 0.0
i = 183 x = 5.426657103235053e-166 f(x) = 0.0 g(x) = 0.0
i = 184 x = 6.783321379043816e-167 f(x) = 0.0 g(x) = 0.0
i = 185 x = 8.47915172380477e-168 f(x) = 0.0 g(x) = 0.0
i = 186 x = 1.0598939654755962e-168 f(x) = 0.0 g(x) = 0.0
i = 187 x = 1.3248674568444952e-169 f(x) = 0.0 g(x) = 0.0
i = 188 x = 1.656084321055619e-170 f(x) = 0.0 g(x) = 0.0
i = 189 x = 2.070105401319524e-171 f(x) = 0.0 g(x) = 0.0
i = 190 x = 2.587631751649405e-172 f(x) = 0.0 g(x) = 0.0
i = 191 x = 3.234539689561756e-173 f(x) = 0.0 g(x) = 0.0
i = 192 x = 4.043174611952195e-174 f(x) = 0.0 g(x) = 0.0
i = 193 x = 5.053968264940244e-175 f(x) = 0.0 g(x) = 0.0
i = 194 x = 6.317460331175305e-176 f(x) = 0.0 g(x) = 0.0
i = 195 x = 7.896825413969131e-177 f(x) = 0.0 g(x) = 0.0
i = 196 x = 9.871031767461413e-178 f(x) = 0.0 g(x) = 0.0
i = 197 x = 1.2338789709326767e-178 f(x) = 0.0 g(x) = 0.0
i = 198 x = 1.542348713665846e-179 f(x) = 0.0 g(x) = 0.0
i = 199 x = 1.9279358920823073e-180 f(x) = 0.0 g(x) = 0.0
i = 200 x = 2.409919865102884e-181 f(x) = 0.0 g(x) = 0.0
